<?xml version="1.0" encoding="UTF-8"?>
<!-- Generated by org.testng.reporters.JUnitXMLReporter -->
<testsuite ignored="0" hostname="LAPTOP-KGTJAJKA" failures="0" tests="5" name="Test" time="70.364" errors="0" timestamp="2023-08-14T13:54:32 IST">
  <testcase classname="tests.FourTest" name="fourTest" time="0.01"/>
  <testcase classname="tests.TwoTest" name="twoTest" time="0.001"/>
  <testcase classname="tests.ThreeTest" name="threeTest" time="0.003"/>
  <testcase classname="tests.LoginTest" name="login" time="4.289"/>
  <testcase classname="tests.LoginTest" name="login" time="14.108"/>
</testsuite> <!-- Test -->
